TN:
SF:/Users/rudolfolah/Documents/django-angular/code/frontend/src/polyfills.ts
FNF:0
FNH:0
LF:0
LH:0
BRF:0
BRH:0
end_of_record
TN:
SF:/Users/rudolfolah/Documents/django-angular/code/frontend/src/test.ts
FNF:0
FNH:0
DA:13,1
DA:18,1
DA:20,1
LF:3
LH:3
BRF:0
BRH:0
end_of_record
TN:
SF:/Users/rudolfolah/Documents/django-angular/code/frontend/src/app/app-routing.module.ts
FN:18,(anonymous_0)
FNF:1
FNH:1
FNDA:11,(anonymous_0)
DA:7,1
DA:18,1
LF:2
LH:2
BRF:0
BRH:0
end_of_record
TN:
SF:/Users/rudolfolah/Documents/django-angular/code/frontend/src/app/app.component.ts
FN:10,(anonymous_0)
FN:15,AppComponent
FN:17,(anonymous_2)
FN:21,(anonymous_3)
FNF:4
FNH:2
FNDA:1,(anonymous_0)
FNDA:3,AppComponent
FNDA:0,(anonymous_2)
FNDA:0,(anonymous_3)
DA:10,1
DA:11,3
DA:12,3
DA:13,3
DA:15,3
DA:17,1
DA:18,0
DA:21,1
DA:22,0
DA:24,1
LF:10
LH:8
BRF:0
BRH:0
end_of_record
TN:
SF:/Users/rudolfolah/Documents/django-angular/code/frontend/src/app/app.module.ts
FN:75,(anonymous_0)
FNF:1
FNH:1
FNDA:1,(anonymous_0)
DA:34,1
DA:56,1
DA:75,1
LF:3
LH:3
BRF:0
BRH:0
end_of_record
TN:
SF:/Users/rudolfolah/Documents/django-angular/code/frontend/src/app/rest-api.service.ts
FN:15,(anonymous_0)
FN:19,RestApiService
FN:24,(anonymous_2)
FN:35,(anonymous_3)
FN:48,(anonymous_4)
FN:61,(anonymous_5)
FN:68,(anonymous_6)
FN:70,(anonymous_7)
FN:82,(anonymous_8)
FN:86,(anonymous_9)
FN:90,(anonymous_10)
FN:95,(anonymous_11)
FN:107,(anonymous_12)
FN:111,(anonymous_13)
FNF:14
FNH:7
FNDA:1,(anonymous_0)
FNDA:6,RestApiService
FNDA:3,(anonymous_2)
FNDA:0,(anonymous_3)
FNDA:0,(anonymous_4)
FNDA:1,(anonymous_5)
FNDA:1,(anonymous_6)
FNDA:0,(anonymous_7)
FNDA:1,(anonymous_8)
FNDA:1,(anonymous_9)
FNDA:0,(anonymous_10)
FNDA:0,(anonymous_11)
FNDA:0,(anonymous_12)
FNDA:0,(anonymous_13)
DA:15,1
DA:16,6
DA:19,6
DA:20,6
DA:21,6
DA:24,1
DA:25,3
DA:26,3
DA:28,0
DA:35,1
DA:36,0
DA:37,0
DA:48,1
DA:49,0
DA:50,0
DA:61,1
DA:62,1
DA:63,1
DA:64,1
DA:65,0
DA:67,1
DA:69,1
DA:70,1
DA:71,0
DA:77,1
DA:82,1
DA:83,1
DA:86,1
DA:87,1
DA:90,1
DA:91,0
DA:92,0
DA:95,1
DA:96,0
DA:97,0
DA:98,0
DA:99,0
DA:107,0
DA:108,0
DA:109,0
DA:110,0
DA:112,0
DA:115,1
LF:43
LH:25
BRDA:25,0,0,3
BRDA:25,0,1,0
BRDA:61,1,0,0
BRDA:61,1,1,1
BRDA:64,2,0,0
BRDA:64,2,1,1
BRF:6
BRH:3
end_of_record
TN:
SF:/Users/rudolfolah/Documents/django-angular/code/frontend/src/app/tour-package-controller.ts
FN:7,(anonymous_0)
FN:8,TourPackageController
FN:10,(anonymous_2)
FN:17,(anonymous_3)
FN:24,(anonymous_4)
FN:28,(anonymous_5)
FNF:6
FNH:6
FNDA:1,(anonymous_0)
FNDA:5,TourPackageController
FNDA:2,(anonymous_2)
FNDA:1,(anonymous_3)
FNDA:1,(anonymous_4)
FNDA:2,(anonymous_5)
DA:7,1
DA:8,5
DA:10,1
DA:11,2
DA:12,1
DA:14,1
DA:17,1
DA:18,1
DA:19,0
DA:21,1
DA:24,1
DA:25,1
DA:28,3
DA:29,2
DA:31,1
LF:15
LH:14
BRDA:11,0,0,1
BRDA:11,0,1,1
BRDA:18,1,0,0
BRDA:18,1,1,1
BRDA:28,2,0,1
BRDA:28,2,1,1
BRF:6
BRH:5
end_of_record
TN:
SF:/Users/rudolfolah/Documents/django-angular/code/frontend/src/app/tour-package.ts
FN:3,(anonymous_0)
FN:4,TourPackage
FNF:2
FNH:2
FNDA:1,(anonymous_0)
FNDA:1,TourPackage
DA:3,1
DA:5,1
DA:6,1
DA:7,1
DA:8,1
DA:9,1
DA:10,1
DA:11,1
DA:12,1
DA:14,1
DA:21,1
LF:11
LH:11
BRF:0
BRH:0
end_of_record
TN:
SF:/Users/rudolfolah/Documents/django-angular/code/frontend/src/app/create-tour-form/create-tour-form.component.ts
FN:13,(anonymous_0)
FN:18,CreateTourFormComponent
FN:25,(anonymous_2)
FN:37,(anonymous_3)
FN:43,(anonymous_4)
FN:54,(anonymous_5)
FN:60,(anonymous_6)
FN:62,(anonymous_7)
FNF:8
FNH:1
FNDA:1,(anonymous_0)
FNDA:0,CreateTourFormComponent
FNDA:0,(anonymous_2)
FNDA:0,(anonymous_3)
FNDA:0,(anonymous_4)
FNDA:0,(anonymous_5)
FNDA:0,(anonymous_6)
FNDA:0,(anonymous_7)
DA:13,1
DA:16,1
DA:19,0
DA:20,0
DA:21,0
DA:22,0
DA:25,1
DA:26,0
DA:37,0
DA:38,0
DA:39,0
DA:40,0
DA:42,0
DA:43,0
DA:44,0
DA:45,0
DA:54,1
DA:55,0
DA:56,0
DA:60,0
DA:61,0
DA:62,0
DA:63,0
DA:64,0
DA:71,0
DA:75,1
LF:26
LH:5
BRDA:39,0,0,0
BRDA:39,0,1,0
BRDA:61,1,0,0
BRDA:61,1,1,0
BRF:4
BRH:0
end_of_record
TN:
SF:/Users/rudolfolah/Documents/django-angular/code/frontend/src/app/summary/summary.component.ts
FN:9,(anonymous_0)
FN:12,SummaryComponent
FN:14,(anonymous_2)
FNF:3
FNH:1
FNDA:1,(anonymous_0)
FNDA:0,SummaryComponent
FNDA:0,(anonymous_2)
DA:9,1
DA:10,1
DA:14,1
DA:17,1
LF:4
LH:4
BRF:0
BRH:0
end_of_record
TN:
SF:/Users/rudolfolah/Documents/django-angular/code/frontend/src/app/terms-of-use/terms-of-use.component.ts
FN:8,(anonymous_0)
FN:10,TermsOfUseComponent
FN:12,(anonymous_2)
FNF:3
FNH:3
FNDA:1,(anonymous_0)
FNDA:1,TermsOfUseComponent
FNDA:1,(anonymous_2)
DA:8,1
DA:12,1
DA:15,1
LF:3
LH:3
BRF:0
BRH:0
end_of_record
TN:
SF:/Users/rudolfolah/Documents/django-angular/code/frontend/src/app/tour-package/tour-package.component.ts
FN:9,(anonymous_0)
FN:12,TourPackageComponent
FN:14,(anonymous_2)
FNF:3
FNH:1
FNDA:1,(anonymous_0)
FNDA:0,TourPackageComponent
FNDA:0,(anonymous_2)
DA:9,1
DA:10,1
DA:14,1
DA:17,1
LF:4
LH:4
BRF:0
BRH:0
end_of_record
TN:
SF:/Users/rudolfolah/Documents/django-angular/code/frontend/src/app/tour-package-list/tour-package-list.component.ts
FN:32,(anonymous_0)
FN:40,TourPackageListComponent
FN:42,(anonymous_2)
FN:47,(anonymous_3)
FN:54,(anonymous_4)
FN:59,(anonymous_5)
FN:63,(anonymous_6)
FN:64,(anonymous_7)
FNF:8
FNH:7
FNDA:1,(anonymous_0)
FNDA:2,TourPackageListComponent
FNDA:2,(anonymous_2)
FNDA:2,(anonymous_3)
FNDA:0,(anonymous_4)
FNDA:1,(anonymous_5)
FNDA:1,(anonymous_6)
FNDA:1,(anonymous_7)
DA:32,1
DA:33,2
DA:34,2
DA:35,2
DA:36,2
DA:37,2
DA:38,2
DA:40,2
DA:42,2
DA:43,2
DA:44,2
DA:45,2
DA:48,2
DA:49,2
DA:50,2
DA:54,1
DA:55,0
DA:56,0
DA:59,1
DA:60,1
DA:63,1
DA:64,1
DA:65,1
DA:66,0
DA:68,1
DA:72,1
LF:26
LH:23
BRDA:65,0,0,0
BRDA:65,0,1,1
BRDA:65,1,0,1
BRDA:65,1,1,0
BRF:4
BRH:2
end_of_record
